**********************************************************************
* This is the complete List of usable GregTech Materials             *
**********************************************************************
Empty
Photon
Neutrino
Neutron
Proton
Electron
Hydrogen
Deuterium
Tritium
Helium
Helium3
Lithium
Lithium6
Beryllium
Boron
Carbon
Carbon13
Carbon14
Nitrogen
Oxygen
Fluorine
Neon
Sodium
Magnesium
Aluminium
Silicon
Phosphor
Sulfur
Chlorine
Argon
Potassium
Calcium
Scandium
Titanium
Vanadium
Chromium
Manganese
Iron
Cobalt
Cobalt60
Nickel
Copper
Zinc
Gallium
Germanium
Arsenic
Selenium
Bromine
Krypton
Rubidium
Strontium
Yttrium
Zirconium
Niobium
Molybdenum
Technetium
Ruthenium
Rhodium
Palladium
Silver
Cadmium
Indium
Tin
Antimony
Tellurium
Iodine
Xenon
Caesium
Barium
Lantanium
Cerium
Praseodymium
Neodymium
Promethium
Samarium
Europium
Gadolinium
Terbium
Dysprosium
Holmium
Erbium
Thulium
Ytterbium
Lutetium
Hafnium
Tantalum
Tungsten
Rhenium
Osmium
Iridium
Platinum
Gold
Mercury
Thallium
Lead
Bismuth
Polonium
Astatine
Radon
Francium
Radium
Actinium
Thorium
Protactinium
Uranium
Uranium235
Neptunium
Plutonium
Plutonium241
Plutonium243
Americium
Americium241
Curium
Berkelium
Californium
Einsteinium
Fermium
Mendelevium
Nobelium
Lawrencium
Rutherfordium
Dubnium
Seaborgium
Bohrium
Hassium
Meitnerium
Darmstadtium
Roentgenium
Copernicium
Ununtrium
Flerovium
Flerovium298
Ununpentium
Livermorium
Farnsium
Ununoctium
Ununennium
Unbinilium
Unbiunium
Unbibium
Unbitrium
Unbiquadium
Unbipentium
Unbihexium
Unbiseptium
Unbioctium
Unbiennium
Untrinilium
Untriunium
Untribium
Untritrium
Untriquadium
Untripentium
Untrihexium
Untriseptium
Untrioctium
Untriennium
Unquadnilium
Unquadunium
Unquadbium
Unquadtrium
Unquadquadium
Unquadpentium
Unquadhexium
Unquadseptium
Unquadoctium
Unquadennium
Unpentnilium
Unpentunium
Vibranium
Unpenttrium
Unpentquadium
Unpentpentium
Unpenthexium
Unpentseptium
AntiUnpentoctium
Unpentennium
Unhexnilium
Unhexunium
Unhexbium
Unhextrium
Unhexquadium
Unhexpentium
Unhexhexium
Unhexseptium
Unhexoctium
Unhexennium
Unseptnilium
Unseptunium
Unseptbium
Unsepttrium
Naquadah
NaquadahEnriched
Naquadria
Unseptpentium
Unsepthexium
Unseptseptium
Unseptoctium
Unseptennium
Unoctnilium
Unoctunium
Unoctbium
Unocttrium
Unoctquadium
Unoctpentium
Unocthexium
Unoctseptium
Unoctoctium
Unoctennium
Unennilium
Unennunium
Unennbium
Unenntrium
Unennquadium
Unennpentium
Unennhexium
Unennseptium
Unennoctium
Unennennium
Binilnilium
Binilunium
Binilbium
Biniltrium
Binilquadium
Binilpentium
Binilhexium
Binilseptium
Biniloctium
Binilennium
Biunnilium
Biununium
Biunbium
Biuntrium
Biunquadium
Biunpentium
Biunhexium
Biunseptium
Biunoctium
Biunennium
Bibinilium
Bibiunium
Adamantium
Bibitrium
Bibiquadium
Bibipentium
Bibihexium
Bibiseptium
Bibioctium
Bibiennium
Bitrinilium
Bitriunium
Bitribium
Bitritrium
Bitriquadium
Bitripentium
Bitrihexium
Bitriseptium
Bitrioctium
MacGuffium
Biquadnilium
Biquadunium
Biquadbium
Biquadtrium
Biquadquadium
Biquadpentium
Biquadhexium
Biquadseptium
Biquadoctium
Biquadennium
Bipentnilium
Bipentunium
Bipentbium
Bipenttrium
Bipentquadium
Bipentpentium
Bipenthexium
Bipentseptium
Bipentoctium
Bipentennium
Bihexnilium
Bihexunium
Bihexbium
Bihextrium
Bihexquadium
Bihexpentium
Bihexhexium
Bihexseptium
Bihexoctium
Bihexennium
Biseptnilium
Biseptunium
Biseptbium
Bisepttrium
Biseptquadium
Biseptpentium
Bisepthexium
Biseptseptium
Biseptoctium
Biseptennium
Bioctnilium
Bioctunium
Bioctbium
Biocttrium
Bioctquadium
Bioctpentium
Biocthexium
Bioctseptium
Bioctoctium
Bioctennium
Biennilium
Biennunium
Biennbium
Bienntrium
Biennquadium
Biennpentium
Biennhexium
Biennseptium
Biennoctium
Biennennium
Trinilnilium
Trinilunium
Trinilbium
Triniltrium
Trinilquadium
Trinilpentium
Trinilhexium
Trinilseptium
Triniloctium
Trinilennium
Triunnilium
Triununium
Triunbium
Triuntrium
Triunquadium
Triunpentium
Triunhexium
Triunseptium
Triunoctium
Triunennium
Tribinilium
Tribiunium
Tribibium
Tribitrium
Tribiquadium
Tribipentium
Tribihexium
Tribiseptium
Tribioctium
Tribiennium
Tritrinilium
Tritriunium
Tritribium
Tritritrium
Tritriquadium
Tritripentium
Tritrihexium
Tritriseptium
Tritrioctium
Tritriennium
Triquadnilium
Triquadunium
Triquadbium
Triquadtrium
Triquadquadium
Triquadpentium
Triquadhexium
Triquadseptium
Triquadoctium
Triquadennium
Tripentnilium
Tripentunium
Tripentbium
Tripenttrium
Tripentquadium
Tripentpentium
Tripenthexium
Tripentseptium
Tripentoctium
Tripentennium
Trihexnilium
Trihexunium
Trihexbium
Trihextrium
Trihexquadium
Trihexpentium
Trihexhexium
Trihexseptium
Trihexoctium
Trihexennium
Triseptnilium
Triseptunium
Gravitonium
Trisepttrium
Triseptquadium
Triseptpentium
Trisepthexium
Triseptseptium
Triseptoctium
Triseptennium
Trioctnilium
Trioctunium
Trioctbium
Triocttrium
Trioctquadium
Trioctpentium
Triocthexium
Trioctseptium
Trioctoctium
Trioctennium
Triennilium
Triennunium
Triennbium
Trienntrium
Triennquadium
Triennpentium
Triennhexium
Triennseptium
Triennoctium
Triennennium
Magic
AntiPhoton
AntiNeutrino
AntiNeutron
AntiProton
Positron
AntiHydrogen
AntiDeuterium
AntiTritium
AntiHelium
AntiHelium3
AntiLithium
AntiLithium6
AntiBeryllium
AntiBoron
AntiCarbon
AntiCarbon13
AntiCarbon14
AntiNitrogen
AntiOxygen
AntiFluorine
AntiNeon
AntiSodium
AntiMagnesium
AntiAluminium
AntiSilicon
AntiPhosphor
AntiSulfur
AntiChlorine
AntiArgon
AntiPotassium
AntiCalcium
AntiScandium
AntiTitanium
AntiVanadium
AntiChromium
AntiManganese
AntiIron
AntiCobalt
AntiCobalt60
AntiNickel
AntiCopper
AntiZinc
AntiGallium
AntiGermanium
AntiArsenic
AntiSelenium
AntiBromine
AntiKrypton
AntiRubidium
AntiStrontium
AntiYttrium
AntiZirconium
AntiNiobium
AntiMolybdenum
AntiTechnetium
AntiRuthenium
AntiRhodium
AntiPalladium
AntiSilver
AntiCadmium
AntiIndium
AntiTin
AntiAntimony
AntiTellurium
AntiIodine
AntiXenon
AntiCaesium
AntiBarium
AntiLantanium
AntiCerium
AntiPraseodymium
AntiNeodymium
AntiPromethium
AntiSamarium
AntiEuropium
AntiGadolinium
AntiTerbium
AntiDysprosium
AntiHolmium
AntiErbium
AntiThulium
AntiYtterbium
AntiLutetium
AntiHafnium
AntiTantalum
AntiTungsten
AntiRhenium
AntiOsmium
AntiIridium
AntiPlatinum
AntiGold
AntiMercury
AntiThallium
AntiLead
AntiBismuth
AntiPolonium
AntiAstatine
AntiRadon
AntiFrancium
AntiRadium
AntiActinium
AntiThorium
AntiProtactinium
AntiUranium
AntiUranium235
AntiNeptunium
AntiPlutonium
AntiPlutonium241
AntiPlutonium243
AntiAmericium
AntiAmericium241
AntiCurium
AntiBerkelium
AntiCalifornium
AntiEinsteinium
AntiFermium
AntiMendelevium
AntiNobelium
AntiLawrencium
AntiRutherfordium
AntiDubnium
AntiSeaborgium
AntiBohrium
AntiHassium
AntiMeitnerium
AntiDarmstadtium
AntiRoentgenium
AntiCopernicium
AntiUnuntrium
AntiFlerovium
AntiFlerovium298
AntiUnunpentium
AntiLivermorium
AntiFarnsium
AntiUnunoctium
AntiUnunennium
AntiUnbinilium
AntiUnbiunium
AntiUnbibium
AntiUnbitrium
AntiUnbiquadium
AntiUnbipentium
AntiUnbihexium
AntiUnbiseptium
AntiUnbioctium
AntiUnbiennium
AntiUntrinilium
AntiUntriunium
AntiUntribium
AntiUntritrium
AntiUntriquadium
AntiUntripentium
AntiUntrihexium
AntiUntriseptium
AntiUntrioctium
AntiUntriennium
AntiUnquadnilium
AntiUnquadunium
AntiUnquadbium
AntiUnquadtrium
AntiUnquadquadium
AntiUnquadpentium
AntiUnquadhexium
AntiUnquadseptium
AntiUnquadoctium
AntiUnquadennium
AntiUnpentnilium
AntiUnpentunium
AntiVibranium
AntiUnpenttrium
AntiUnpentquadium
AntiUnpentpentium
AntiUnpenthexium
AntiUnpentseptium
AntiUnpentennium
AntiUnhexnilium
AntiUnhexunium
AntiUnhexbium
AntiUnhextrium
AntiUnhexquadium
AntiUnhexpentium
AntiUnhexhexium
AntiUnhexseptium
AntiUnhexoctium
AntiUnhexennium
AntiUnseptnilium
AntiUnseptunium
AntiUnseptbium
AntiUnsepttrium
AntiNaquadah
AntiNaquadahEnriched
AntiNaquadria
AntiUnseptpentium
AntiUnsepthexium
AntiUnseptseptium
AntiUnseptoctium
AntiUnseptennium
AntiUnoctnilium
AntiUnoctunium
AntiUnoctbium
AntiUnocttrium
AntiUnoctquadium
AntiUnoctpentium
AntiUnocthexium
AntiUnoctseptium
AntiUnoctoctium
AntiUnoctennium
AntiUnennilium
AntiUnennunium
AntiUnennbium
AntiUnenntrium
AntiUnennquadium
AntiUnennpentium
AntiUnennhexium
AntiUnennseptium
AntiUnennoctium
AntiUnennennium
AntiBinilnilium
AntiBinilunium
AntiBinilbium
AntiBiniltrium
AntiBinilquadium
AntiBinilpentium
AntiBinilhexium
AntiBinilseptium
AntiBiniloctium
AntiBinilennium
AntiBiunnilium
AntiBiununium
AntiBiunbium
AntiBiuntrium
AntiBiunquadium
AntiBiunpentium
AntiBiunhexium
AntiBiunseptium
AntiBiunoctium
AntiBiunennium
AntiBibinilium
AntiBibiunium
AntiAdamantium
AntiBibitrium
AntiBibiquadium
AntiBibipentium
AntiBibihexium
AntiBibiseptium
AntiBibioctium
AntiBibiennium
AntiBitrinilium
AntiBitriunium
AntiBitribium
AntiBitritrium
AntiBitriquadium
AntiBitripentium
AntiBitrihexium
AntiBitriseptium
AntiBitrioctium
AntiMacGuffium
AntiBiquadnilium
AntiBiquadunium
AntiBiquadbium
AntiBiquadtrium
AntiBiquadquadium
AntiBiquadpentium
AntiBiquadhexium
AntiBiquadseptium
AntiBiquadoctium
AntiBiquadennium
AntiBipentnilium
AntiBipentunium
AntiBipentbium
AntiBipenttrium
AntiBipentquadium
AntiBipentpentium
AntiBipenthexium
AntiBipentseptium
AntiBipentoctium
AntiBipentennium
AntiBihexnilium
AntiBihexunium
AntiBihexbium
AntiBihextrium
AntiBihexquadium
AntiBihexpentium
AntiBihexhexium
AntiBihexseptium
AntiBihexoctium
AntiBihexennium
AntiBiseptnilium
AntiBiseptunium
AntiBiseptbium
AntiBisepttrium
AntiBiseptquadium
AntiBiseptpentium
AntiBisepthexium
AntiBiseptseptium
AntiBiseptoctium
AntiBiseptennium
AntiBioctnilium
AntiBioctunium
AntiBioctbium
AntiBiocttrium
AntiBioctquadium
AntiBioctpentium
AntiBiocthexium
AntiBioctseptium
AntiBioctoctium
AntiBioctennium
AntiBiennilium
AntiBiennunium
AntiBiennbium
AntiBienntrium
AntiBiennquadium
AntiBiennpentium
AntiBiennhexium
AntiBiennseptium
AntiBiennoctium
AntiBiennennium
AntiTrinilnilium
AntiTrinilunium
AntiTrinilbium
AntiTriniltrium
AntiTrinilquadium
AntiTrinilpentium
AntiTrinilhexium
AntiTrinilseptium
AntiTriniloctium
AntiTrinilennium
AntiTriunnilium
AntiTriununium
AntiTriunbium
AntiTriuntrium
AntiTriunquadium
AntiTriunpentium
AntiTriunhexium
AntiTriunseptium
AntiTriunoctium
AntiTriunennium
AntiTribinilium
AntiTribiunium
AntiTribibium
AntiTribitrium
AntiTribiquadium
AntiTribipentium
AntiTribihexium
AntiTribiseptium
AntiTribioctium
AntiTribiennium
AntiTritrinilium
AntiTritriunium
AntiTritribium
AntiTritritrium
AntiTritriquadium
AntiTritripentium
AntiTritrihexium
AntiTritriseptium
AntiTritrioctium
AntiTritriennium
AntiTriquadnilium
AntiTriquadunium
AntiTriquadbium
AntiTriquadtrium
AntiTriquadquadium
AntiTriquadpentium
AntiTriquadhexium
AntiTriquadseptium
AntiTriquadoctium
AntiTriquadennium
AntiTripentnilium
AntiTripentunium
AntiTripentbium
AntiTripenttrium
AntiTripentquadium
AntiTripentpentium
AntiTripenthexium
AntiTripentseptium
AntiTripentoctium
AntiTripentennium
AntiTrihexnilium
AntiTrihexunium
AntiTrihexbium
AntiTrihextrium
AntiTrihexquadium
AntiTrihexpentium
AntiTrihexhexium
AntiTrihexseptium
AntiTrihexoctium
AntiTrihexennium
AntiTriseptnilium
AntiTriseptunium
AntiGravitonium
AntiTrisepttrium
AntiTriseptquadium
AntiTriseptpentium
AntiTrisepthexium
AntiTriseptseptium
AntiTriseptoctium
AntiTriseptennium
AntiTrioctnilium
AntiTrioctunium
AntiTrioctbium
AntiTriocttrium
AntiTrioctquadium
AntiTrioctpentium
AntiTriocthexium
AntiTrioctseptium
AntiTrioctoctium
AntiTrioctennium
AntiTriennilium
AntiTriennunium
AntiTriennbium
AntiTrienntrium
AntiTriennquadium
AntiTriennpentium
AntiTriennhexium
AntiTriennseptium
AntiTriennoctium
AntiTriennennium
SiliconDioxide
Glass
Flint
Sand
Soulsand
Ashes
DarkAshes
VolcanicAshes
RockSalt
Salt
Saltpeter
Niter
Phosphate
Phosphorus
Apatite
Blizz
Blaze
Pyrotheum
Cryotheum
Obsidian
Clay
Paper
Rubber
Plastic
Bone
Gunpowder
Wood
WoodSealed
LiveRoot
WoodRubber
Ceramic
Phosphorite
Indigo
Diamond
Emerald
Ruby
FoolsRuby
Sapphire
GreenSapphire
Topaz
BlueTopaz
Tanzanite
Jasper
Amber
Olivine
Opal
Amethyst
Vinteum
Dilithium
EnderPearl
EnderEye
NetherStar
Jade
Craponite
Aquamarine
Morganite
Lazurite
Sodalite
Lapis
Redstone
Coal
HydratedCoal
Charcoal
Lignite
Monazite
Teslatite
Nikolite
Glowstone
Firestone
Force
Forcicium
Forcillium
NetherQuartz
CertusQuartz
ChargedCertusQuartz
CoalCoke
InfusedAir
InfusedFire
InfusedEarth
InfusedWater
InfusedEntropy
InfusedOrder
Electrotine
Stone
Concrete
Netherrack
NetherBrick
Endstone
Basalt
Marble
GraniteRed
GraniteBlack
Redrock
Gravel
Diorite
Electrum
SterlingSilver
RoseGold
Angmallen
Bronze
BlackBronze
BismuthBronze
Hepatizon
Brass
CobaltBrass
Steel
BlackSteel
RedSteel
BlueSteel
DamascusSteel
Tungstensteel
StainlessSteel
HSLASteel
AnnealedCopper
DeepIron
PigIron
WroughtIron
IronCompressed
IronMagnetic
SteelMagnetic
NeodymiumMagnetic
DarkIron
MeteoricIron
MeteoricSteel
ElectrotineAlloy
BlueAlloy
RedAlloy
Invar
Cupronickel
Nichrome
Kanthal
Magnalium
Ultimet
TinAlloy
BatteryAlloy
SolderingAlloy
ShadowIron
ShadowSteel
IronWood
Steeleaf
Knightmetal
FierySteel
AstralSilver
Midasium
Mithril
Thaumium
DarkThaumium
VoidMetal
Osmiridium
Sunnarium
NaquadahAlloy
ChromiumDioxide
VanadiumGallium
YttriumBariumCuprate
NiobiumNitride
NiobiumTitanium
AluminiumBrass
Aredrite
Alumite
Manyullyn
VibraniumSteel
VibraniumSilver
Vibramantium
Signalum
Lumium
Enderium
ElectrumFlux
InfusedGold
GlowstoneRefined
ObsidianRefined
Desh
Duranium
Tritanium
Alduorite
Infuscolium
Rubracium
Meutoite
Lemurite
Ceruclase
Atlarus
Oureclase
Kalendrite
Orichalcum
Carmot
Sanguinite
Vyroxeres
Eximite
Prometheum
Ignatius
Vulcanite
Inolashite
Haderoth
Celenegil
Desichalkos
Tartarite
Amordrine
Pumice
Diatomite
BasalticMineralSand
GraniticMineralSand
GarnetSand
QuartzSand
RareEarth
Almandine
Andradite
Asbestos
BandedIron
Bauxite
BrownLimonite
Calcite
Cassiterite
CassiteriteSand
Celestine
Chalcopyrite
Chalk
Chromite
Cinnabar
Cobaltite
Cooperite
Galena
Garnierite
Grossular
Ilmenite
Magnesite
Magnetite
Molybdenite
Powellite
Pyrite
Pyrolusite
Pyrope
Scheelite
Spessartine
Sphalerite
Stibnite
Tetrahedrite
Tungstate
Uraninite
Uvarovite
Wulfenite
YellowLimonite
Perlite
Borax
PotassiumFeldspar
Biotite
Chrysotile
VanadiumMagnetite
Bastnasite
Pentlandite
Spodumene
Pollucite
Tantalite
Lepidolite
Glauconite
GlauconiteSand
Vermiculite
Bentonite
FullersEarth
Pitchblende
Malachite
Mirabilite
Mica
Trona
Barite
Gypsum
Alunite
Dolomite
Wollastonite
Zeolite
Kyanite
Kaolinite
Talc
Soapstone
Gneiss
Greenschist
Greenstone
Greywacke
Graphite
Graphene
Gabbro
Komatiite
Siltstone
Rhyolite
Quartzite
Migmatite
Epidote
Emery
Blueschist
Bluestone
Chert
Dacite
Andesite
Limestone
Shale
Eclogite
Rutile
MeatRaw
MeatCooked
Wheat
Sugar
Cheese
Chili
Cocoa
Chocolate
Coffee
Cinnamon
Milk
Honey
Tea
Water
Snow
Ice
FreshWater
SaltWater
HolyWater
Lava
NitroCarbon
Glyceryl
SodiumPersulfate
SodiumSulfide
SulfuricAcid
CobaltHexahydrate
Air
NitrogenDioxide
Methane
MethaneIce
Biomass
BioFuel
Ethanol
Oil
Oilsands
CrudeOil
Fuel
NitroFuel
CreosoteOil
FishOil
SeedOil
SeedOilHemp
SeedOilLin
FryingOilHot
Glue
Lubricant
ConstructionFoam
UUAmplifier
UUMatter
Latex
